<?xml version="1.0" encoding="UTF-8"?>
<!-- Generated by org.testng.reporters.JUnitXMLReporter -->
<testsuite ignored="0" hostname="BLR-3BVK0F3-L" failures="2" tests="3" name="Test" time="0.044" errors="0" timestamp="2023-07-18T12:55:51 IST">
  <testcase classname="tests.TestCase1" name="sampleMethodEnteringCredentials" time="0.016">
    <skipped/>
  </testcase> <!-- sampleMethodEnteringCredentials -->
  <testcase classname="tests.TestCase1" name="sampleMethodEnteringCredentials" time="0.001">
    <failure type="java.lang.NullPointerException" message="Cannot invoke &amp;quot;org.openqa.selenium.WebDriver.findElement(org.openqa.selenium.By)&amp;quot; because &amp;quot;baseTests.BaseTest.driver&amp;quot; is null">
      <![CDATA[java.lang.NullPointerException: Cannot invoke "org.openqa.selenium.WebDriver.findElement(org.openqa.selenium.By)" because "baseTests.BaseTest.driver" is null
at utils.ElementFetch.getWebElement(ElementFetch.java:18)
at pageEvents.HomePageEvents.signInButton(HomePageEvents.java:9)
at tests.TestCase1.sampleMethodEnteringCredentials(TestCase1.java:15)
at java.base/java.util.ArrayList.forEach(ArrayList.java:1511)
... Removed 27 stack frames]]>
    </failure>
  </testcase> <!-- sampleMethodEnteringCredentials -->
  <testcase classname="tests.TestCase1" name="sampleMethodEnteringCredentials" time="0.029">
    <failure type="java.lang.NullPointerException" message="Cannot invoke &amp;quot;org.openqa.selenium.TakesScreenshot.getScreenshotAs(org.openqa.selenium.OutputType)&amp;quot; because &amp;quot;baseTests.BaseTest.driver&amp;quot; is null">
      <![CDATA[java.lang.NullPointerException: Cannot invoke "org.openqa.selenium.TakesScreenshot.getScreenshotAs(org.openqa.selenium.OutputType)" because "baseTests.BaseTest.driver" is null
at utils.SuiteListener.onTestFailure(SuiteListener.java:20)
at java.base/java.util.ArrayList.forEach(ArrayList.java:1511)
... Removed 24 stack frames]]>
    </failure>
  </testcase> <!-- sampleMethodEnteringCredentials -->
</testsuite> <!-- Test -->
