<?xml version="1.0" encoding="UTF-8"?>
<!-- Generated by org.testng.reporters.JUnitXMLReporter -->
<testsuite ignored="0" hostname="BLR-3BVK0F3-L" failures="1" tests="1" name="BankingApp Test" time="35.763" errors="0" timestamp="16 Jul 2023 18:18:44 GMT">
  <testcase classname="com.banking.testCases.TC_AddCustomerTest_003" name="addNewCustomer" time="23.848">
    <failure type="java.lang.AssertionError" message="expected [true] but found [false]">
      <![CDATA[java.lang.AssertionError: expected [true] but found [false]
at com.banking.testCases.TC_AddCustomerTest_003.addNewCustomer(TC_AddCustomerTest_003.java:61)
... Removed 29 stack frames]]>
    </failure>
  </testcase> <!-- addNewCustomer -->
</testsuite> <!-- BankingApp Test -->
